[debug] [2021-10-28T10:03:38.318Z] ----------------------------------------------------------------------
[debug] [2021-10-28T10:03:38.320Z] Command:       /usr/bin/node /usr/bin/firebase init
[debug] [2021-10-28T10:03:38.320Z] CLI Version:   9.18.0
[debug] [2021-10-28T10:03:38.320Z] Platform:      linux
[debug] [2021-10-28T10:03:38.320Z] Node Version:  v16.10.0
[debug] [2021-10-28T10:03:38.321Z] Time:          Thu Oct 28 2021 15:33:38 GMT+0530 (India Standard Time)
[debug] [2021-10-28T10:03:38.321Z] ----------------------------------------------------------------------
[debug] 
[debug] [2021-10-28T10:03:38.359Z] > command requires scopes: ["email","openid","https://www.googleapis.com/auth/cloudplatformprojects.readonly","https://www.googleapis.com/auth/firebase","https://www.googleapis.com/auth/cloud-platform"]
[debug] [2021-10-28T10:03:38.359Z] > authorizing via signed-in user (muhsinny333@gmail.com)
[info] 
     ######## #### ########  ######## ########     ###     ######  ########
     ##        ##  ##     ## ##       ##     ##  ##   ##  ##       ##
     ######    ##  ########  ######   ########  #########  ######  ######
     ##        ##  ##    ##  ##       ##     ## ##     ##       ## ##
     ##       #### ##     ## ######## ########  ##     ##  ######  ########

You're about to initialize a Firebase project in this directory:

  /home/texki/Documents/ATG task 2

Before we get started, keep in mind:

  * You are initializing within an existing Firebase project directory

